2024-05-16 22:05:20.411 INFO  com.javaproject.demo.config.DemoApplication              :50   [32m                  [0;39m Starting DemoApplication using Java 22.0.1 with PID 9868 (D:\project\zwm\demo\target\classes started by Administrator in D:\project\zwm\demo)
2024-05-16 22:05:20.414 INFO  com.javaproject.demo.config.DemoApplication              :654  [32m                  [0;39m No active profile set, falling back to 1 default profile: "default"
2024-05-16 22:05:20.445 INFO  o.s.b.d.env.DevToolsPropertyDefaultsPostProcessor :252  [32m                  [0;39m Devtools property defaults active! Set 'spring.devtools.add-properties' to 'false' to disable
2024-05-16 22:05:20.445 INFO  o.s.b.d.env.DevToolsPropertyDefaultsPostProcessor :252  [32m                  [0;39m For additional web related logging consider setting the 'logging.level.web' property to 'DEBUG'
2024-05-16 22:05:20.898 WARN  org.mybatis.spring.mapper.ClassPathMapperScanner  :44   [32m                  [0;39m No MyBatis mapper was found in '[com.javaproject.demo]' package. Please check your configuration.
2024-05-16 22:05:21.137 INFO  o.s.boot.web.embedded.tomcat.TomcatWebServer      :109  [32m                  [0;39m Tomcat initialized with port 8080 (http)
2024-05-16 22:05:21.146 INFO  org.apache.coyote.http11.Http11NioProtocol        :173  [32m                  [0;39m Initializing ProtocolHandler ["http-nio-8080"]
2024-05-16 22:05:21.148 INFO  org.apache.catalina.core.StandardService          :173  [32m                  [0;39m Starting service [Tomcat]
2024-05-16 22:05:21.148 INFO  org.apache.catalina.core.StandardEngine           :173  [32m                  [0;39m Starting Servlet engine: [Apache Tomcat/10.1.20]
2024-05-16 22:05:21.178 INFO  o.a.c.core.ContainerBase.[Tomcat].[localhost].[/] :173  [32m                  [0;39m Initializing Spring embedded WebApplicationContext
2024-05-16 22:05:21.178 INFO  o.s.b.w.s.c.ServletWebServerApplicationContext    :296  [32m                  [0;39m Root WebApplicationContext: initialization completed in 731 ms
2024-05-16 22:05:21.218 WARN  o.s.b.w.s.c.AnnotationConfigServletWebServerApplicationContext:632  [32m                  [0;39m Exception encountered during context initialization - cancelling refresh attempt: org.springframework.beans.factory.BeanCreationException: Error creating bean with name 'testController': Injection of resource dependencies failed
2024-05-16 22:05:21.219 INFO  org.apache.catalina.core.StandardService          :173  [32m                  [0;39m Stopping service [Tomcat]
2024-05-16 22:05:21.230 INFO  o.s.b.a.logging.ConditionEvaluationReportLogger   :82   [32m                  [0;39m 

Error starting ApplicationContext. To display the condition evaluation report re-run your application with 'debug' enabled.
2024-05-16 22:05:21.244 ERROR o.s.b.diagnostics.LoggingFailureAnalysisReporter  :40   [32m                  [0;39m 

***************************
APPLICATION FAILED TO START
***************************

Description:

A component required a bean of type 'service.TestService' that could not be found.


Action:

Consider defining a bean of type 'service.TestService' in your configuration.

2024-05-16 22:12:46.948 INFO  com.javaproject.demo.config.DemoApplication              :50   [32m                  [0;39m Starting DemoApplication using Java 22.0.1 with PID 2280 (D:\project\zwm\demo\target\classes started by Administrator in D:\project\zwm\demo)
2024-05-16 22:12:46.950 INFO  com.javaproject.demo.config.DemoApplication              :654  [32m                  [0;39m No active profile set, falling back to 1 default profile: "default"
2024-05-16 22:12:46.978 INFO  o.s.b.d.env.DevToolsPropertyDefaultsPostProcessor :252  [32m                  [0;39m Devtools property defaults active! Set 'spring.devtools.add-properties' to 'false' to disable
2024-05-16 22:12:46.979 INFO  o.s.b.d.env.DevToolsPropertyDefaultsPostProcessor :252  [32m                  [0;39m For additional web related logging consider setting the 'logging.level.web' property to 'DEBUG'
2024-05-16 22:12:47.347 WARN  org.mybatis.spring.mapper.ClassPathMapperScanner  :44   [32m                  [0;39m No MyBatis mapper was found in '[com.javaproject.demo]' package. Please check your configuration.
2024-05-16 22:12:47.561 INFO  o.s.boot.web.embedded.tomcat.TomcatWebServer      :109  [32m                  [0;39m Tomcat initialized with port 8080 (http)
2024-05-16 22:12:47.568 INFO  org.apache.coyote.http11.Http11NioProtocol        :173  [32m                  [0;39m Initializing ProtocolHandler ["http-nio-8080"]
2024-05-16 22:12:47.569 INFO  org.apache.catalina.core.StandardService          :173  [32m                  [0;39m Starting service [Tomcat]
2024-05-16 22:12:47.569 INFO  org.apache.catalina.core.StandardEngine           :173  [32m                  [0;39m Starting Servlet engine: [Apache Tomcat/10.1.20]
2024-05-16 22:12:47.594 INFO  o.a.c.core.ContainerBase.[Tomcat].[localhost].[/] :173  [32m                  [0;39m Initializing Spring embedded WebApplicationContext
2024-05-16 22:12:47.594 INFO  o.s.b.w.s.c.ServletWebServerApplicationContext    :296  [32m                  [0;39m Root WebApplicationContext: initialization completed in 615 ms
2024-05-16 22:12:47.625 WARN  o.s.b.w.s.c.AnnotationConfigServletWebServerApplicationContext:632  [32m                  [0;39m Exception encountered during context initialization - cancelling refresh attempt: org.springframework.beans.factory.BeanCreationException: Error creating bean with name 'testController': Injection of resource dependencies failed
2024-05-16 22:12:47.626 INFO  org.apache.catalina.core.StandardService          :173  [32m                  [0;39m Stopping service [Tomcat]
2024-05-16 22:12:47.635 INFO  o.s.b.a.logging.ConditionEvaluationReportLogger   :82   [32m                  [0;39m 

Error starting ApplicationContext. To display the condition evaluation report re-run your application with 'debug' enabled.
2024-05-16 22:12:47.645 ERROR org.springframework.boot.SpringApplication        :851  [32m                  [0;39m Application run failed
org.springframework.beans.factory.BeanCreationException: Error creating bean with name 'testController': Injection of resource dependencies failed
	at org.springframework.context.annotation.CommonAnnotationBeanPostProcessor.postProcessProperties(CommonAnnotationBeanPostProcessor.java:371)
	at org.springframework.beans.factory.support.AbstractAutowireCapableBeanFactory.populateBean(AbstractAutowireCapableBeanFactory.java:1419)
	at org.springframework.beans.factory.support.AbstractAutowireCapableBeanFactory.doCreateBean(AbstractAutowireCapableBeanFactory.java:599)
	at org.springframework.beans.factory.support.AbstractAutowireCapableBeanFactory.createBean(AbstractAutowireCapableBeanFactory.java:522)
	at org.springframework.beans.factory.support.AbstractBeanFactory.lambda$doGetBean$0(AbstractBeanFactory.java:326)
	at org.springframework.beans.factory.support.DefaultSingletonBeanRegistry.getSingleton(DefaultSingletonBeanRegistry.java:234)
	at org.springframework.beans.factory.support.AbstractBeanFactory.doGetBean(AbstractBeanFactory.java:324)
	at org.springframework.beans.factory.support.AbstractBeanFactory.getBean(AbstractBeanFactory.java:200)
	at org.springframework.beans.factory.support.DefaultListableBeanFactory.preInstantiateSingletons(DefaultListableBeanFactory.java:975)
	at org.springframework.context.support.AbstractApplicationContext.finishBeanFactoryInitialization(AbstractApplicationContext.java:962)
	at org.springframework.context.support.AbstractApplicationContext.refresh(AbstractApplicationContext.java:624)
	at org.springframework.boot.web.servlet.context.ServletWebServerApplicationContext.refresh(ServletWebServerApplicationContext.java:146)
	at org.springframework.boot.SpringApplication.refresh(SpringApplication.java:754)
	at org.springframework.boot.SpringApplication.refreshContext(SpringApplication.java:456)
	at org.springframework.boot.SpringApplication.run(SpringApplication.java:334)
	at org.springframework.boot.SpringApplication.run(SpringApplication.java:1354)
	at org.springframework.boot.SpringApplication.run(SpringApplication.java:1343)
	at com.javaproject.demo.config.DemoApplication.main(DemoApplication.java:18)
	at java.base/jdk.internal.reflect.DirectMethodHandleAccessor.invoke(DirectMethodHandleAccessor.java:103)
	at java.base/java.lang.reflect.Method.invoke(Method.java:580)
	at org.springframework.boot.devtools.restart.RestartLauncher.run(RestartLauncher.java:50)
Caused by: org.springframework.beans.factory.BeanCreationException: Error creating bean with name 'testService' defined in file [D:\project\zwm\demo\target\classes\com\javaproject\demo\service\TestService.class]: Post-processing of merged bean definition failed
	at org.springframework.beans.factory.support.AbstractAutowireCapableBeanFactory.doCreateBean(AbstractAutowireCapableBeanFactory.java:577)
	at org.springframework.beans.factory.support.AbstractAutowireCapableBeanFactory.createBean(AbstractAutowireCapableBeanFactory.java:522)
	at org.springframework.beans.factory.support.AbstractBeanFactory.lambda$doGetBean$0(AbstractBeanFactory.java:326)
	at org.springframework.beans.factory.support.DefaultSingletonBeanRegistry.getSingleton(DefaultSingletonBeanRegistry.java:234)
	at org.springframework.beans.factory.support.AbstractBeanFactory.doGetBean(AbstractBeanFactory.java:324)
	at org.springframework.beans.factory.support.AbstractBeanFactory.getBean(AbstractBeanFactory.java:205)
	at org.springframework.beans.factory.support.AbstractAutowireCapableBeanFactory.resolveBeanByName(AbstractAutowireCapableBeanFactory.java:461)
	at org.springframework.context.annotation.CommonAnnotationBeanPostProcessor.autowireResource(CommonAnnotationBeanPostProcessor.java:605)
	at org.springframework.context.annotation.CommonAnnotationBeanPostProcessor.getResource(CommonAnnotationBeanPostProcessor.java:576)
	at org.springframework.context.annotation.CommonAnnotationBeanPostProcessor$ResourceElement.getResourceToInject(CommonAnnotationBeanPostProcessor.java:738)
	at org.springframework.beans.factory.annotation.InjectionMetadata$InjectedElement.inject(InjectionMetadata.java:270)
	at org.springframework.beans.factory.annotation.InjectionMetadata.inject(InjectionMetadata.java:145)
	at org.springframework.context.annotation.CommonAnnotationBeanPostProcessor.postProcessProperties(CommonAnnotationBeanPostProcessor.java:368)
	... 20 common frames omitted
Caused by: java.lang.IllegalStateException: @Resource annotation is not supported on static fields
	at org.springframework.context.annotation.CommonAnnotationBeanPostProcessor.lambda$buildResourceMetadata$0(CommonAnnotationBeanPostProcessor.java:440)
	at org.springframework.util.ReflectionUtils.doWithLocalFields(ReflectionUtils.java:691)
	at org.springframework.context.annotation.CommonAnnotationBeanPostProcessor.buildResourceMetadata(CommonAnnotationBeanPostProcessor.java:431)
	at org.springframework.context.annotation.CommonAnnotationBeanPostProcessor.findResourceMetadata(CommonAnnotationBeanPostProcessor.java:412)
	at org.springframework.context.annotation.CommonAnnotationBeanPostProcessor.postProcessMergedBeanDefinition(CommonAnnotationBeanPostProcessor.java:312)
	at org.springframework.beans.factory.support.AbstractAutowireCapableBeanFactory.applyMergedBeanDefinitionPostProcessors(AbstractAutowireCapableBeanFactory.java:1085)
	at org.springframework.beans.factory.support.AbstractAutowireCapableBeanFactory.doCreateBean(AbstractAutowireCapableBeanFactory.java:574)
	... 32 common frames omitted
2024-05-16 22:14:53.873 INFO  com.javaproject.demo.config.DemoApplication              :50   [32m                  [0;39m Starting DemoApplication using Java 22.0.1 with PID 25492 (D:\project\zwm\demo\target\classes started by Administrator in D:\project\zwm\demo)
2024-05-16 22:14:53.874 INFO  com.javaproject.demo.config.DemoApplication              :654  [32m                  [0;39m No active profile set, falling back to 1 default profile: "default"
2024-05-16 22:14:53.901 INFO  o.s.b.d.env.DevToolsPropertyDefaultsPostProcessor :252  [32m                  [0;39m Devtools property defaults active! Set 'spring.devtools.add-properties' to 'false' to disable
2024-05-16 22:14:53.901 INFO  o.s.b.d.env.DevToolsPropertyDefaultsPostProcessor :252  [32m                  [0;39m For additional web related logging consider setting the 'logging.level.web' property to 'DEBUG'
2024-05-16 22:14:54.254 WARN  org.mybatis.spring.mapper.ClassPathMapperScanner  :44   [32m                  [0;39m No MyBatis mapper was found in '[com.javaproject.demo]' package. Please check your configuration.
2024-05-16 22:14:54.462 INFO  o.s.boot.web.embedded.tomcat.TomcatWebServer      :109  [32m                  [0;39m Tomcat initialized with port 8080 (http)
2024-05-16 22:14:54.469 INFO  org.apache.coyote.http11.Http11NioProtocol        :173  [32m                  [0;39m Initializing ProtocolHandler ["http-nio-8080"]
2024-05-16 22:14:54.470 INFO  org.apache.catalina.core.StandardService          :173  [32m                  [0;39m Starting service [Tomcat]
2024-05-16 22:14:54.470 INFO  org.apache.catalina.core.StandardEngine           :173  [32m                  [0;39m Starting Servlet engine: [Apache Tomcat/10.1.20]
2024-05-16 22:14:54.493 INFO  o.a.c.core.ContainerBase.[Tomcat].[localhost].[/] :173  [32m                  [0;39m Initializing Spring embedded WebApplicationContext
2024-05-16 22:14:54.494 INFO  o.s.b.w.s.c.ServletWebServerApplicationContext    :296  [32m                  [0;39m Root WebApplicationContext: initialization completed in 592 ms
2024-05-16 22:14:54.524 WARN  o.s.b.w.s.c.AnnotationConfigServletWebServerApplicationContext:632  [32m                  [0;39m Exception encountered during context initialization - cancelling refresh attempt: org.springframework.beans.factory.BeanCreationException: Error creating bean with name 'testController': Injection of resource dependencies failed
2024-05-16 22:14:54.525 INFO  org.apache.catalina.core.StandardService          :173  [32m                  [0;39m Stopping service [Tomcat]
2024-05-16 22:14:54.534 INFO  o.s.b.a.logging.ConditionEvaluationReportLogger   :82   [32m                  [0;39m 

Error starting ApplicationContext. To display the condition evaluation report re-run your application with 'debug' enabled.
2024-05-16 22:14:54.544 ERROR o.s.b.diagnostics.LoggingFailureAnalysisReporter  :40   [32m                  [0;39m 

***************************
APPLICATION FAILED TO START
***************************

Description:

A component required a bean of type 'com.javaproject.demo.mapper.TestMapper' that could not be found.


Action:

Consider defining a bean of type 'com.javaproject.demo.mapper.TestMapper' in your configuration.

2024-05-16 22:27:11.090 INFO  com.javaproject.demo.config.DemoApplication       :50   [32m                  [0;39m Starting DemoApplication using Java 22.0.1 with PID 14896 (D:\project\zwm\demo\target\classes started by Administrator in D:\project\zwm\demo)
2024-05-16 22:27:11.091 INFO  com.javaproject.demo.config.DemoApplication       :654  [32m                  [0;39m No active profile set, falling back to 1 default profile: "default"
2024-05-16 22:27:11.120 INFO  o.s.b.d.env.DevToolsPropertyDefaultsPostProcessor :252  [32m                  [0;39m Devtools property defaults active! Set 'spring.devtools.add-properties' to 'false' to disable
2024-05-16 22:27:11.121 INFO  o.s.b.d.env.DevToolsPropertyDefaultsPostProcessor :252  [32m                  [0;39m For additional web related logging consider setting the 'logging.level.web' property to 'DEBUG'
2024-05-16 22:27:11.707 INFO  o.s.boot.web.embedded.tomcat.TomcatWebServer      :109  [32m                  [0;39m Tomcat initialized with port 8080 (http)
2024-05-16 22:27:11.714 INFO  org.apache.coyote.http11.Http11NioProtocol        :173  [32m                  [0;39m Initializing ProtocolHandler ["http-nio-8080"]
2024-05-16 22:27:11.715 INFO  org.apache.catalina.core.StandardService          :173  [32m                  [0;39m Starting service [Tomcat]
2024-05-16 22:27:11.715 INFO  org.apache.catalina.core.StandardEngine           :173  [32m                  [0;39m Starting Servlet engine: [Apache Tomcat/10.1.20]
2024-05-16 22:27:11.740 INFO  o.a.c.core.ContainerBase.[Tomcat].[localhost].[/] :173  [32m                  [0;39m Initializing Spring embedded WebApplicationContext
2024-05-16 22:27:11.740 INFO  o.s.b.w.s.c.ServletWebServerApplicationContext    :296  [32m                  [0;39m Root WebApplicationContext: initialization completed in 619 ms
2024-05-16 22:27:12.109 INFO  o.s.b.d.autoconfigure.OptionalLiveReloadServer    :59   [32m                  [0;39m LiveReload server is running on port 35729
2024-05-16 22:27:12.120 INFO  org.apache.coyote.http11.Http11NioProtocol        :173  [32m                  [0;39m Starting ProtocolHandler ["http-nio-8080"]
2024-05-16 22:27:12.130 INFO  o.s.boot.web.embedded.tomcat.TomcatWebServer      :241  [32m                  [0;39m Tomcat started on port 8080 (http) with context path ''
2024-05-16 22:27:12.135 INFO  com.javaproject.demo.config.DemoApplication       :56   [32m                  [0;39m Started DemoApplication in 1.359 seconds (process running for 1.731)
2024-05-16 22:27:12.137 INFO  com.javaproject.demo.config.DemoApplication       :20   [32m                  [0;39m 启动成功
2024-05-16 22:27:12.138 INFO  com.javaproject.demo.config.DemoApplication       :21   [32m                  [0;39m 地址：	http://127.0.0.1:8080
2024-05-16 22:28:10.784 INFO  o.a.c.core.ContainerBase.[Tomcat].[localhost].[/] :173  [32m                  [0;39m Initializing Spring DispatcherServlet 'dispatcherServlet'
2024-05-16 22:28:10.784 INFO  org.springframework.web.servlet.DispatcherServlet :532  [32m                  [0;39m Initializing Servlet 'dispatcherServlet'
2024-05-16 22:28:10.785 INFO  org.springframework.web.servlet.DispatcherServlet :554  [32m                  [0;39m Completed initialization in 1 ms
2024-05-16 22:28:10.812 INFO  com.zaxxer.hikari.HikariDataSource                :110  [32m                  [0;39m HikariPool-1 - Starting...
2024-05-16 22:28:10.906 INFO  com.zaxxer.hikari.pool.HikariPool                 :565  [32m                  [0;39m HikariPool-1 - Added connection com.mysql.cj.jdbc.ConnectionImpl@4aa6c372
2024-05-16 22:28:10.907 INFO  com.zaxxer.hikari.HikariDataSource                :123  [32m                  [0;39m HikariPool-1 - Start completed.
2024-05-16 22:29:44.022 INFO  com.zaxxer.hikari.HikariDataSource                :350  [32m                  [0;39m HikariPool-1 - Shutdown initiated...
2024-05-16 22:29:44.029 INFO  com.zaxxer.hikari.HikariDataSource                :352  [32m                  [0;39m HikariPool-1 - Shutdown completed.
2024-05-16 22:29:45.265 INFO  com.javaproject.demo.config.DemoApplication       :50   [32m                  [0;39m Starting DemoApplication using Java 22.0.1 with PID 7908 (D:\project\zwm\demo\target\classes started by Administrator in D:\project\zwm\demo)
2024-05-16 22:29:45.267 INFO  com.javaproject.demo.config.DemoApplication       :654  [32m                  [0;39m No active profile set, falling back to 1 default profile: "default"
2024-05-16 22:29:45.298 INFO  o.s.b.d.env.DevToolsPropertyDefaultsPostProcessor :252  [32m                  [0;39m Devtools property defaults active! Set 'spring.devtools.add-properties' to 'false' to disable
2024-05-16 22:29:45.298 INFO  o.s.b.d.env.DevToolsPropertyDefaultsPostProcessor :252  [32m                  [0;39m For additional web related logging consider setting the 'logging.level.web' property to 'DEBUG'
2024-05-16 22:29:45.881 INFO  o.s.boot.web.embedded.tomcat.TomcatWebServer      :109  [32m                  [0;39m Tomcat initialized with port 8080 (http)
2024-05-16 22:29:45.888 INFO  org.apache.coyote.http11.Http11NioProtocol        :173  [32m                  [0;39m Initializing ProtocolHandler ["http-nio-8080"]
2024-05-16 22:29:45.889 INFO  org.apache.catalina.core.StandardService          :173  [32m                  [0;39m Starting service [Tomcat]
2024-05-16 22:29:45.889 INFO  org.apache.catalina.core.StandardEngine           :173  [32m                  [0;39m Starting Servlet engine: [Apache Tomcat/10.1.20]
2024-05-16 22:29:45.913 INFO  o.a.c.core.ContainerBase.[Tomcat].[localhost].[/] :173  [32m                  [0;39m Initializing Spring embedded WebApplicationContext
2024-05-16 22:29:45.914 INFO  o.s.b.w.s.c.ServletWebServerApplicationContext    :296  [32m                  [0;39m Root WebApplicationContext: initialization completed in 615 ms
2024-05-16 22:29:46.242 INFO  o.s.b.d.autoconfigure.OptionalLiveReloadServer    :59   [32m                  [0;39m LiveReload server is running on port 35729
2024-05-16 22:29:46.253 INFO  org.apache.coyote.http11.Http11NioProtocol        :173  [32m                  [0;39m Starting ProtocolHandler ["http-nio-8080"]
2024-05-16 22:29:46.265 INFO  o.s.boot.web.embedded.tomcat.TomcatWebServer      :241  [32m                  [0;39m Tomcat started on port 8080 (http) with context path ''
2024-05-16 22:29:46.270 INFO  com.javaproject.demo.config.DemoApplication       :56   [32m                  [0;39m Started DemoApplication in 1.287 seconds (process running for 1.673)
2024-05-16 22:29:46.272 INFO  com.javaproject.demo.config.DemoApplication       :20   [32m                  [0;39m 启动成功
2024-05-16 22:29:46.273 INFO  com.javaproject.demo.config.DemoApplication       :21   [32m                  [0;39m 地址：	http://127.0.0.1:8080
2024-05-16 22:29:49.445 INFO  o.a.c.core.ContainerBase.[Tomcat].[localhost].[/] :173  [32m                  [0;39m Initializing Spring DispatcherServlet 'dispatcherServlet'
2024-05-16 22:29:49.446 INFO  org.springframework.web.servlet.DispatcherServlet :532  [32m                  [0;39m Initializing Servlet 'dispatcherServlet'
2024-05-16 22:29:49.446 INFO  org.springframework.web.servlet.DispatcherServlet :554  [32m                  [0;39m Completed initialization in 0 ms
2024-05-16 22:29:49.473 INFO  com.zaxxer.hikari.HikariDataSource                :110  [32m                  [0;39m HikariPool-1 - Starting...
2024-05-16 22:29:49.560 INFO  com.zaxxer.hikari.pool.HikariPool                 :565  [32m                  [0;39m HikariPool-1 - Added connection com.mysql.cj.jdbc.ConnectionImpl@6a8bca88
2024-05-16 22:29:49.561 INFO  com.zaxxer.hikari.HikariDataSource                :123  [32m                  [0;39m HikariPool-1 - Start completed.
2024-05-16 22:55:57.915 INFO  o.s.b.d.a.LocalDevToolsAutoConfiguration$RestartingClassPathChangeChangedEventListener:211  [32m                  [0;39m Restarting due to 5 class path changes (0 additions, 0 deletions, 5 modifications)
2024-05-16 22:55:57.918 INFO  org.apache.coyote.http11.Http11NioProtocol        :173  [32m                  [0;39m Stopping ProtocolHandler ["http-nio-8080"]
2024-05-16 22:55:57.922 INFO  com.zaxxer.hikari.HikariDataSource                :350  [32m                  [0;39m HikariPool-1 - Shutdown initiated...
2024-05-16 22:55:57.928 INFO  com.zaxxer.hikari.HikariDataSource                :352  [32m                  [0;39m HikariPool-1 - Shutdown completed.
2024-05-16 22:55:57.976 INFO  com.javaproject.demo.config.DemoApplication       :50   [32m                  [0;39m Starting DemoApplication using Java 22.0.1 with PID 7908 (D:\project\zwm\demo\target\classes started by Administrator in D:\project\zwm\demo)
2024-05-16 22:55:57.976 INFO  com.javaproject.demo.config.DemoApplication       :654  [32m                  [0;39m No active profile set, falling back to 1 default profile: "default"
2024-05-16 22:55:58.082 INFO  o.s.boot.web.embedded.tomcat.TomcatWebServer      :109  [32m                  [0;39m Tomcat initialized with port 8080 (http)
2024-05-16 22:55:58.083 INFO  org.apache.coyote.http11.Http11NioProtocol        :173  [32m                  [0;39m Initializing ProtocolHandler ["http-nio-8080"]
2024-05-16 22:55:58.083 INFO  org.apache.catalina.core.StandardService          :173  [32m                  [0;39m Starting service [Tomcat]
2024-05-16 22:55:58.083 INFO  org.apache.catalina.core.StandardEngine           :173  [32m                  [0;39m Starting Servlet engine: [Apache Tomcat/10.1.20]
2024-05-16 22:55:58.091 INFO  o.a.c.core.ContainerBase.[Tomcat].[localhost].[/] :173  [32m                  [0;39m Initializing Spring embedded WebApplicationContext
2024-05-16 22:55:58.091 INFO  o.s.b.w.s.c.ServletWebServerApplicationContext    :296  [32m                  [0;39m Root WebApplicationContext: initialization completed in 113 ms
2024-05-16 22:55:58.165 INFO  o.s.b.d.autoconfigure.OptionalLiveReloadServer    :59   [32m                  [0;39m LiveReload server is running on port 35729
2024-05-16 22:55:58.169 INFO  org.apache.coyote.http11.Http11NioProtocol        :173  [32m                  [0;39m Starting ProtocolHandler ["http-nio-8080"]
2024-05-16 22:55:58.171 INFO  o.s.boot.web.embedded.tomcat.TomcatWebServer      :241  [32m                  [0;39m Tomcat started on port 8080 (http) with context path ''
2024-05-16 22:55:58.173 INFO  com.javaproject.demo.config.DemoApplication       :56   [32m                  [0;39m Started DemoApplication in 0.216 seconds (process running for 1573.576)
2024-05-16 22:55:58.174 INFO  o.s.b.d.a.ConditionEvaluationDeltaLoggingListener :63   [32m                  [0;39m Condition evaluation unchanged
2024-05-16 22:55:58.174 INFO  com.javaproject.demo.config.DemoApplication       :20   [32m                  [0;39m 启动成功
2024-05-16 22:55:58.175 INFO  com.javaproject.demo.config.DemoApplication       :21   [32m                  [0;39m 地址：	http://127.0.0.1:8080
2024-05-16 23:01:51.165 INFO  o.s.b.d.a.LocalDevToolsAutoConfiguration$RestartingClassPathChangeChangedEventListener:211  [32m                  [0;39m Restarting due to 1 class path change (1 addition, 0 deletions, 0 modifications)
2024-05-16 23:01:51.166 INFO  org.apache.coyote.http11.Http11NioProtocol        :173  [32m                  [0;39m Stopping ProtocolHandler ["http-nio-8080"]
2024-05-16 23:01:51.213 INFO  com.javaproject.demo.config.DemoApplication       :50   [32m                  [0;39m Starting DemoApplication using Java 22.0.1 with PID 7908 (D:\project\zwm\demo\target\classes started by Administrator in D:\project\zwm\demo)
2024-05-16 23:01:51.213 INFO  com.javaproject.demo.config.DemoApplication       :654  [32m                  [0;39m No active profile set, falling back to 1 default profile: "default"
2024-05-16 23:01:51.315 INFO  o.s.boot.web.embedded.tomcat.TomcatWebServer      :109  [32m                  [0;39m Tomcat initialized with port 8080 (http)
2024-05-16 23:01:51.315 INFO  org.apache.coyote.http11.Http11NioProtocol        :173  [32m                  [0;39m Initializing ProtocolHandler ["http-nio-8080"]
2024-05-16 23:01:51.316 INFO  org.apache.catalina.core.StandardService          :173  [32m                  [0;39m Starting service [Tomcat]
2024-05-16 23:01:51.316 INFO  org.apache.catalina.core.StandardEngine           :173  [32m                  [0;39m Starting Servlet engine: [Apache Tomcat/10.1.20]
2024-05-16 23:01:51.324 INFO  o.a.c.core.ContainerBase.[Tomcat].[localhost].[/] :173  [32m                  [0;39m Initializing Spring embedded WebApplicationContext
2024-05-16 23:01:51.324 INFO  o.s.b.w.s.c.ServletWebServerApplicationContext    :296  [32m                  [0;39m Root WebApplicationContext: initialization completed in 110 ms
2024-05-16 23:01:51.386 INFO  o.s.b.d.autoconfigure.OptionalLiveReloadServer    :59   [32m                  [0;39m LiveReload server is running on port 35729
2024-05-16 23:01:51.389 INFO  org.apache.coyote.http11.Http11NioProtocol        :173  [32m                  [0;39m Starting ProtocolHandler ["http-nio-8080"]
2024-05-16 23:01:51.391 INFO  o.s.boot.web.embedded.tomcat.TomcatWebServer      :241  [32m                  [0;39m Tomcat started on port 8080 (http) with context path ''
2024-05-16 23:01:51.392 INFO  com.javaproject.demo.config.DemoApplication       :56   [32m                  [0;39m Started DemoApplication in 0.195 seconds (process running for 1926.795)
2024-05-16 23:01:51.393 INFO  o.s.b.d.a.ConditionEvaluationDeltaLoggingListener :63   [32m                  [0;39m Condition evaluation unchanged
2024-05-16 23:01:51.393 INFO  com.javaproject.demo.config.DemoApplication       :20   [32m                  [0;39m 启动成功
2024-05-16 23:01:51.393 INFO  com.javaproject.demo.config.DemoApplication       :21   [32m                  [0;39m 地址：	http://127.0.0.1:8080
2024-05-16 23:02:06.953 INFO  o.s.b.d.a.LocalDevToolsAutoConfiguration$RestartingClassPathChangeChangedEventListener:211  [32m                  [0;39m Restarting due to 1 class path change (0 additions, 0 deletions, 1 modification)
2024-05-16 23:02:06.953 INFO  org.apache.coyote.http11.Http11NioProtocol        :173  [32m                  [0;39m Stopping ProtocolHandler ["http-nio-8080"]
2024-05-16 23:02:07.009 INFO  com.javaproject.demo.config.DemoApplication       :50   [32m                  [0;39m Starting DemoApplication using Java 22.0.1 with PID 7908 (D:\project\zwm\demo\target\classes started by Administrator in D:\project\zwm\demo)
2024-05-16 23:02:07.010 INFO  com.javaproject.demo.config.DemoApplication       :654  [32m                  [0;39m No active profile set, falling back to 1 default profile: "default"
2024-05-16 23:02:07.092 INFO  o.s.boot.web.embedded.tomcat.TomcatWebServer      :109  [32m                  [0;39m Tomcat initialized with port 8080 (http)
2024-05-16 23:02:07.093 INFO  org.apache.coyote.http11.Http11NioProtocol        :173  [32m                  [0;39m Initializing ProtocolHandler ["http-nio-8080"]
2024-05-16 23:02:07.093 INFO  org.apache.catalina.core.StandardService          :173  [32m                  [0;39m Starting service [Tomcat]
2024-05-16 23:02:07.093 INFO  org.apache.catalina.core.StandardEngine           :173  [32m                  [0;39m Starting Servlet engine: [Apache Tomcat/10.1.20]
2024-05-16 23:02:07.101 INFO  o.a.c.core.ContainerBase.[Tomcat].[localhost].[/] :173  [32m                  [0;39m Initializing Spring embedded WebApplicationContext
2024-05-16 23:02:07.101 INFO  o.s.b.w.s.c.ServletWebServerApplicationContext    :296  [32m                  [0;39m Root WebApplicationContext: initialization completed in 90 ms
2024-05-16 23:02:07.153 INFO  o.s.b.d.autoconfigure.OptionalLiveReloadServer    :59   [32m                  [0;39m LiveReload server is running on port 35729
2024-05-16 23:02:07.156 INFO  org.apache.coyote.http11.Http11NioProtocol        :173  [32m                  [0;39m Starting ProtocolHandler ["http-nio-8080"]
2024-05-16 23:02:07.159 INFO  o.s.boot.web.embedded.tomcat.TomcatWebServer      :241  [32m                  [0;39m Tomcat started on port 8080 (http) with context path ''
2024-05-16 23:02:07.160 INFO  com.javaproject.demo.config.DemoApplication       :56   [32m                  [0;39m Started DemoApplication in 0.167 seconds (process running for 1942.563)
2024-05-16 23:02:07.161 INFO  o.s.b.d.a.ConditionEvaluationDeltaLoggingListener :63   [32m                  [0;39m Condition evaluation unchanged
2024-05-16 23:02:07.161 INFO  com.javaproject.demo.config.DemoApplication       :20   [32m                  [0;39m 启动成功
2024-05-16 23:02:07.161 INFO  com.javaproject.demo.config.DemoApplication       :21   [32m                  [0;39m 地址：	http://127.0.0.1:8080
2024-05-16 23:02:52.047 INFO  o.s.b.d.a.LocalDevToolsAutoConfiguration$RestartingClassPathChangeChangedEventListener:211  [32m                  [0;39m Restarting due to 1 class path change (0 additions, 0 deletions, 1 modification)
2024-05-16 23:02:52.048 INFO  org.apache.coyote.http11.Http11NioProtocol        :173  [32m                  [0;39m Stopping ProtocolHandler ["http-nio-8080"]
2024-05-16 23:02:52.105 INFO  com.javaproject.demo.config.DemoApplication       :50   [32m                  [0;39m Starting DemoApplication using Java 22.0.1 with PID 7908 (D:\project\zwm\demo\target\classes started by Administrator in D:\project\zwm\demo)
2024-05-16 23:02:52.105 INFO  com.javaproject.demo.config.DemoApplication       :654  [32m                  [0;39m No active profile set, falling back to 1 default profile: "default"
2024-05-16 23:02:52.190 INFO  o.s.boot.web.embedded.tomcat.TomcatWebServer      :109  [32m                  [0;39m Tomcat initialized with port 8080 (http)
2024-05-16 23:02:52.190 INFO  org.apache.coyote.http11.Http11NioProtocol        :173  [32m                  [0;39m Initializing ProtocolHandler ["http-nio-8080"]
2024-05-16 23:02:52.190 INFO  org.apache.catalina.core.StandardService          :173  [32m                  [0;39m Starting service [Tomcat]
2024-05-16 23:02:52.190 INFO  org.apache.catalina.core.StandardEngine           :173  [32m                  [0;39m Starting Servlet engine: [Apache Tomcat/10.1.20]
2024-05-16 23:02:52.198 INFO  o.a.c.core.ContainerBase.[Tomcat].[localhost].[/] :173  [32m                  [0;39m Initializing Spring embedded WebApplicationContext
2024-05-16 23:02:52.198 INFO  o.s.b.w.s.c.ServletWebServerApplicationContext    :296  [32m                  [0;39m Root WebApplicationContext: initialization completed in 92 ms
2024-05-16 23:02:52.261 INFO  o.s.b.d.autoconfigure.OptionalLiveReloadServer    :59   [32m                  [0;39m LiveReload server is running on port 35729
2024-05-16 23:02:52.265 INFO  org.apache.coyote.http11.Http11NioProtocol        :173  [32m                  [0;39m Starting ProtocolHandler ["http-nio-8080"]
2024-05-16 23:02:52.267 INFO  o.s.boot.web.embedded.tomcat.TomcatWebServer      :241  [32m                  [0;39m Tomcat started on port 8080 (http) with context path ''
2024-05-16 23:02:52.268 INFO  com.javaproject.demo.config.DemoApplication       :56   [32m                  [0;39m Started DemoApplication in 0.178 seconds (process running for 1987.672)
2024-05-16 23:02:52.269 INFO  o.s.b.d.a.ConditionEvaluationDeltaLoggingListener :63   [32m                  [0;39m Condition evaluation unchanged
2024-05-16 23:02:52.269 INFO  com.javaproject.demo.config.DemoApplication       :20   [32m                  [0;39m 启动成功
2024-05-16 23:02:52.269 INFO  com.javaproject.demo.config.DemoApplication       :21   [32m                  [0;39m 地址：	http://127.0.0.1:8080
2024-05-16 23:03:29.044 INFO  o.s.b.d.a.LocalDevToolsAutoConfiguration$RestartingClassPathChangeChangedEventListener:211  [32m                  [0;39m Restarting due to 1 class path change (0 additions, 0 deletions, 1 modification)
2024-05-16 23:03:29.045 INFO  org.apache.coyote.http11.Http11NioProtocol        :173  [32m                  [0;39m Stopping ProtocolHandler ["http-nio-8080"]
2024-05-16 23:03:29.098 INFO  com.javaproject.demo.config.DemoApplication       :50   [32m                  [0;39m Starting DemoApplication using Java 22.0.1 with PID 7908 (D:\project\zwm\demo\target\classes started by Administrator in D:\project\zwm\demo)
2024-05-16 23:03:29.098 INFO  com.javaproject.demo.config.DemoApplication       :654  [32m                  [0;39m No active profile set, falling back to 1 default profile: "default"
2024-05-16 23:03:29.175 INFO  o.s.boot.web.embedded.tomcat.TomcatWebServer      :109  [32m                  [0;39m Tomcat initialized with port 8080 (http)
2024-05-16 23:03:29.175 INFO  org.apache.coyote.http11.Http11NioProtocol        :173  [32m                  [0;39m Initializing ProtocolHandler ["http-nio-8080"]
2024-05-16 23:03:29.175 INFO  org.apache.catalina.core.StandardService          :173  [32m                  [0;39m Starting service [Tomcat]
2024-05-16 23:03:29.175 INFO  org.apache.catalina.core.StandardEngine           :173  [32m                  [0;39m Starting Servlet engine: [Apache Tomcat/10.1.20]
2024-05-16 23:03:29.183 INFO  o.a.c.core.ContainerBase.[Tomcat].[localhost].[/] :173  [32m                  [0;39m Initializing Spring embedded WebApplicationContext
2024-05-16 23:03:29.183 INFO  o.s.b.w.s.c.ServletWebServerApplicationContext    :296  [32m                  [0;39m Root WebApplicationContext: initialization completed in 84 ms
2024-05-16 23:03:29.239 INFO  o.s.b.d.autoconfigure.OptionalLiveReloadServer    :59   [32m                  [0;39m LiveReload server is running on port 35729
2024-05-16 23:03:29.242 INFO  org.apache.coyote.http11.Http11NioProtocol        :173  [32m                  [0;39m Starting ProtocolHandler ["http-nio-8080"]
2024-05-16 23:03:29.243 INFO  o.s.boot.web.embedded.tomcat.TomcatWebServer      :241  [32m                  [0;39m Tomcat started on port 8080 (http) with context path ''
2024-05-16 23:03:29.245 INFO  com.javaproject.demo.config.DemoApplication       :56   [32m                  [0;39m Started DemoApplication in 0.16 seconds (process running for 2024.648)
2024-05-16 23:03:29.245 INFO  o.s.b.d.a.ConditionEvaluationDeltaLoggingListener :63   [32m                  [0;39m Condition evaluation unchanged
2024-05-16 23:03:29.246 INFO  com.javaproject.demo.config.DemoApplication       :20   [32m                  [0;39m 启动成功
2024-05-16 23:03:29.246 INFO  com.javaproject.demo.config.DemoApplication       :21   [32m                  [0;39m 地址：	http://127.0.0.1:8080
2024-05-16 23:07:52.748 INFO  o.s.b.d.a.LocalDevToolsAutoConfiguration$RestartingClassPathChangeChangedEventListener:211  [32m                  [0;39m Restarting due to 1 class path change (0 additions, 0 deletions, 1 modification)
2024-05-16 23:07:52.749 INFO  org.apache.coyote.http11.Http11NioProtocol        :173  [32m                  [0;39m Stopping ProtocolHandler ["http-nio-8080"]
2024-05-16 23:07:52.808 INFO  com.javaproject.demo.config.DemoApplication       :50   [32m                  [0;39m Starting DemoApplication using Java 22.0.1 with PID 7908 (D:\project\zwm\demo\target\classes started by Administrator in D:\project\zwm\demo)
2024-05-16 23:07:52.809 INFO  com.javaproject.demo.config.DemoApplication       :654  [32m                  [0;39m No active profile set, falling back to 1 default profile: "default"
2024-05-16 23:07:52.905 INFO  o.s.boot.web.embedded.tomcat.TomcatWebServer      :109  [32m                  [0;39m Tomcat initialized with port 8080 (http)
2024-05-16 23:07:52.906 INFO  org.apache.coyote.http11.Http11NioProtocol        :173  [32m                  [0;39m Initializing ProtocolHandler ["http-nio-8080"]
2024-05-16 23:07:52.906 INFO  org.apache.catalina.core.StandardService          :173  [32m                  [0;39m Starting service [Tomcat]
2024-05-16 23:07:52.906 INFO  org.apache.catalina.core.StandardEngine           :173  [32m                  [0;39m Starting Servlet engine: [Apache Tomcat/10.1.20]
2024-05-16 23:07:52.914 INFO  o.a.c.core.ContainerBase.[Tomcat].[localhost].[/] :173  [32m                  [0;39m Initializing Spring embedded WebApplicationContext
2024-05-16 23:07:52.914 INFO  o.s.b.w.s.c.ServletWebServerApplicationContext    :296  [32m                  [0;39m Root WebApplicationContext: initialization completed in 104 ms
2024-05-16 23:07:52.967 INFO  o.s.b.d.autoconfigure.OptionalLiveReloadServer    :59   [32m                  [0;39m LiveReload server is running on port 35729
2024-05-16 23:07:52.970 INFO  org.apache.coyote.http11.Http11NioProtocol        :173  [32m                  [0;39m Starting ProtocolHandler ["http-nio-8080"]
2024-05-16 23:07:52.972 INFO  o.s.boot.web.embedded.tomcat.TomcatWebServer      :241  [32m                  [0;39m Tomcat started on port 8080 (http) with context path ''
2024-05-16 23:07:52.973 INFO  com.javaproject.demo.config.DemoApplication       :56   [32m                  [0;39m Started DemoApplication in 0.179 seconds (process running for 2284.933)
2024-05-16 23:07:52.973 INFO  o.s.b.d.a.ConditionEvaluationDeltaLoggingListener :63   [32m                  [0;39m Condition evaluation unchanged
2024-05-16 23:07:52.974 INFO  com.javaproject.demo.config.DemoApplication       :20   [32m                  [0;39m 启动成功
2024-05-16 23:07:52.974 INFO  com.javaproject.demo.config.DemoApplication       :21   [32m                  [0;39m 地址：	http://127.0.0.1:8080
2024-05-16 23:10:12.873 INFO  o.s.b.d.a.LocalDevToolsAutoConfiguration$RestartingClassPathChangeChangedEventListener:211  [32m                  [0;39m Restarting due to 1 class path change (0 additions, 0 deletions, 1 modification)
2024-05-16 23:10:12.874 INFO  org.apache.coyote.http11.Http11NioProtocol        :173  [32m                  [0;39m Stopping ProtocolHandler ["http-nio-8080"]
2024-05-16 23:10:12.928 INFO  com.javaproject.demo.config.DemoApplication       :50   [32m                  [0;39m Starting DemoApplication using Java 22.0.1 with PID 7908 (D:\project\zwm\demo\target\classes started by Administrator in D:\project\zwm\demo)
2024-05-16 23:10:12.928 INFO  com.javaproject.demo.config.DemoApplication       :654  [32m                  [0;39m No active profile set, falling back to 1 default profile: "default"
2024-05-16 23:10:13.007 INFO  o.s.boot.web.embedded.tomcat.TomcatWebServer      :109  [32m                  [0;39m Tomcat initialized with port 8080 (http)
2024-05-16 23:10:13.008 INFO  org.apache.coyote.http11.Http11NioProtocol        :173  [32m                  [0;39m Initializing ProtocolHandler ["http-nio-8080"]
2024-05-16 23:10:13.008 INFO  org.apache.catalina.core.StandardService          :173  [32m                  [0;39m Starting service [Tomcat]
2024-05-16 23:10:13.008 INFO  org.apache.catalina.core.StandardEngine           :173  [32m                  [0;39m Starting Servlet engine: [Apache Tomcat/10.1.20]
2024-05-16 23:10:13.015 INFO  o.a.c.core.ContainerBase.[Tomcat].[localhost].[/] :173  [32m                  [0;39m Initializing Spring embedded WebApplicationContext
2024-05-16 23:10:13.015 INFO  o.s.b.w.s.c.ServletWebServerApplicationContext    :296  [32m                  [0;39m Root WebApplicationContext: initialization completed in 86 ms
2024-05-16 23:10:13.064 INFO  o.s.b.d.autoconfigure.OptionalLiveReloadServer    :59   [32m                  [0;39m LiveReload server is running on port 35729
2024-05-16 23:10:13.067 INFO  org.apache.coyote.http11.Http11NioProtocol        :173  [32m                  [0;39m Starting ProtocolHandler ["http-nio-8080"]
2024-05-16 23:10:13.068 INFO  o.s.boot.web.embedded.tomcat.TomcatWebServer      :241  [32m                  [0;39m Tomcat started on port 8080 (http) with context path ''
2024-05-16 23:10:13.070 INFO  com.javaproject.demo.config.DemoApplication       :56   [32m                  [0;39m Started DemoApplication in 0.156 seconds (process running for 2425.03)
2024-05-16 23:10:13.070 INFO  o.s.b.d.a.ConditionEvaluationDeltaLoggingListener :63   [32m                  [0;39m Condition evaluation unchanged
2024-05-16 23:10:13.070 INFO  com.javaproject.demo.config.DemoApplication       :20   [32m                  [0;39m 启动成功
2024-05-16 23:10:13.070 INFO  com.javaproject.demo.config.DemoApplication       :21   [32m                  [0;39m 地址：	http://127.0.0.1:8080
2024-05-16 23:11:03.998 INFO  o.s.b.d.a.LocalDevToolsAutoConfiguration$RestartingClassPathChangeChangedEventListener:211  [32m                  [0;39m Restarting due to 1 class path change (0 additions, 0 deletions, 1 modification)
2024-05-16 23:11:03.999 INFO  org.apache.coyote.http11.Http11NioProtocol        :173  [32m                  [0;39m Stopping ProtocolHandler ["http-nio-8080"]
2024-05-16 23:11:04.055 INFO  com.javaproject.demo.config.DemoApplication       :50   [32m                  [0;39m Starting DemoApplication using Java 22.0.1 with PID 7908 (D:\project\zwm\demo\target\classes started by Administrator in D:\project\zwm\demo)
2024-05-16 23:11:04.055 INFO  com.javaproject.demo.config.DemoApplication       :654  [32m                  [0;39m No active profile set, falling back to 1 default profile: "default"
2024-05-16 23:11:04.137 INFO  o.s.boot.web.embedded.tomcat.TomcatWebServer      :109  [32m                  [0;39m Tomcat initialized with port 8080 (http)
2024-05-16 23:11:04.138 INFO  org.apache.coyote.http11.Http11NioProtocol        :173  [32m                  [0;39m Initializing ProtocolHandler ["http-nio-8080"]
2024-05-16 23:11:04.138 INFO  org.apache.catalina.core.StandardService          :173  [32m                  [0;39m Starting service [Tomcat]
2024-05-16 23:11:04.138 INFO  org.apache.catalina.core.StandardEngine           :173  [32m                  [0;39m Starting Servlet engine: [Apache Tomcat/10.1.20]
2024-05-16 23:11:04.146 INFO  o.a.c.core.ContainerBase.[Tomcat].[localhost].[/] :173  [32m                  [0;39m Initializing Spring embedded WebApplicationContext
2024-05-16 23:11:04.146 INFO  o.s.b.w.s.c.ServletWebServerApplicationContext    :296  [32m                  [0;39m Root WebApplicationContext: initialization completed in 90 ms
2024-05-16 23:11:04.205 INFO  o.s.b.d.autoconfigure.OptionalLiveReloadServer    :59   [32m                  [0;39m LiveReload server is running on port 35729
2024-05-16 23:11:04.208 INFO  org.apache.coyote.http11.Http11NioProtocol        :173  [32m                  [0;39m Starting ProtocolHandler ["http-nio-8080"]
2024-05-16 23:11:04.210 INFO  o.s.boot.web.embedded.tomcat.TomcatWebServer      :241  [32m                  [0;39m Tomcat started on port 8080 (http) with context path ''
2024-05-16 23:11:04.211 INFO  com.javaproject.demo.config.DemoApplication       :56   [32m                  [0;39m Started DemoApplication in 0.169 seconds (process running for 2476.171)
2024-05-16 23:11:04.212 INFO  o.s.b.d.a.ConditionEvaluationDeltaLoggingListener :63   [32m                  [0;39m Condition evaluation unchanged
2024-05-16 23:11:04.212 INFO  com.javaproject.demo.config.DemoApplication       :20   [32m                  [0;39m 启动成功
2024-05-16 23:11:04.212 INFO  com.javaproject.demo.config.DemoApplication       :21   [32m                  [0;39m 地址：	http://127.0.0.1:8080
2024-05-16 23:11:55.105 INFO  o.s.b.d.a.LocalDevToolsAutoConfiguration$RestartingClassPathChangeChangedEventListener:211  [32m                  [0;39m Restarting due to 1 class path change (1 addition, 0 deletions, 0 modifications)
2024-05-16 23:11:55.106 INFO  org.apache.coyote.http11.Http11NioProtocol        :173  [32m                  [0;39m Stopping ProtocolHandler ["http-nio-8080"]
2024-05-16 23:11:55.160 INFO  com.javaproject.demo.config.DemoApplication       :50   [32m                  [0;39m Starting DemoApplication using Java 22.0.1 with PID 7908 (D:\project\zwm\demo\target\classes started by Administrator in D:\project\zwm\demo)
2024-05-16 23:11:55.160 INFO  com.javaproject.demo.config.DemoApplication       :654  [32m                  [0;39m No active profile set, falling back to 1 default profile: "default"
2024-05-16 23:11:55.239 INFO  o.s.boot.web.embedded.tomcat.TomcatWebServer      :109  [32m                  [0;39m Tomcat initialized with port 8080 (http)
2024-05-16 23:11:55.239 INFO  org.apache.coyote.http11.Http11NioProtocol        :173  [32m                  [0;39m Initializing ProtocolHandler ["http-nio-8080"]
2024-05-16 23:11:55.239 INFO  org.apache.catalina.core.StandardService          :173  [32m                  [0;39m Starting service [Tomcat]
2024-05-16 23:11:55.239 INFO  org.apache.catalina.core.StandardEngine           :173  [32m                  [0;39m Starting Servlet engine: [Apache Tomcat/10.1.20]
2024-05-16 23:11:55.246 INFO  o.a.c.core.ContainerBase.[Tomcat].[localhost].[/] :173  [32m                  [0;39m Initializing Spring embedded WebApplicationContext
2024-05-16 23:11:55.246 INFO  o.s.b.w.s.c.ServletWebServerApplicationContext    :296  [32m                  [0;39m Root WebApplicationContext: initialization completed in 85 ms
2024-05-16 23:11:55.312 INFO  o.s.b.d.autoconfigure.OptionalLiveReloadServer    :59   [32m                  [0;39m LiveReload server is running on port 35729
2024-05-16 23:11:55.315 INFO  org.apache.coyote.http11.Http11NioProtocol        :173  [32m                  [0;39m Starting ProtocolHandler ["http-nio-8080"]
2024-05-16 23:11:55.317 INFO  o.s.boot.web.embedded.tomcat.TomcatWebServer      :241  [32m                  [0;39m Tomcat started on port 8080 (http) with context path ''
2024-05-16 23:11:55.319 INFO  com.javaproject.demo.config.DemoApplication       :56   [32m                  [0;39m Started DemoApplication in 0.173 seconds (process running for 2527.279)
2024-05-16 23:11:55.319 INFO  o.s.b.d.a.ConditionEvaluationDeltaLoggingListener :63   [32m                  [0;39m Condition evaluation unchanged
2024-05-16 23:11:55.319 INFO  com.javaproject.demo.config.DemoApplication       :20   [32m                  [0;39m 启动成功
2024-05-16 23:11:55.320 INFO  com.javaproject.demo.config.DemoApplication       :21   [32m                  [0;39m 地址：	http://127.0.0.1:8080
2024-05-16 23:11:56.722 INFO  o.s.b.d.a.LocalDevToolsAutoConfiguration$RestartingClassPathChangeChangedEventListener:211  [32m                  [0;39m Restarting due to 6 class path changes (6 additions, 0 deletions, 0 modifications)
2024-05-16 23:11:56.723 INFO  org.apache.coyote.http11.Http11NioProtocol        :173  [32m                  [0;39m Stopping ProtocolHandler ["http-nio-8080"]
2024-05-16 23:11:56.779 INFO  com.javaproject.demo.config.DemoApplication       :50   [32m                  [0;39m Starting DemoApplication using Java 22.0.1 with PID 7908 (D:\project\zwm\demo\target\classes started by Administrator in D:\project\zwm\demo)
2024-05-16 23:11:56.779 INFO  com.javaproject.demo.config.DemoApplication       :654  [32m                  [0;39m No active profile set, falling back to 1 default profile: "default"
2024-05-16 23:11:56.856 INFO  o.s.boot.web.embedded.tomcat.TomcatWebServer      :109  [32m                  [0;39m Tomcat initialized with port 8080 (http)
2024-05-16 23:11:56.856 INFO  org.apache.coyote.http11.Http11NioProtocol        :173  [32m                  [0;39m Initializing ProtocolHandler ["http-nio-8080"]
2024-05-16 23:11:56.856 INFO  org.apache.catalina.core.StandardService          :173  [32m                  [0;39m Starting service [Tomcat]
2024-05-16 23:11:56.856 INFO  org.apache.catalina.core.StandardEngine           :173  [32m                  [0;39m Starting Servlet engine: [Apache Tomcat/10.1.20]
2024-05-16 23:11:56.863 INFO  o.a.c.core.ContainerBase.[Tomcat].[localhost].[/] :173  [32m                  [0;39m Initializing Spring embedded WebApplicationContext
2024-05-16 23:11:56.864 INFO  o.s.b.w.s.c.ServletWebServerApplicationContext    :296  [32m                  [0;39m Root WebApplicationContext: initialization completed in 84 ms
2024-05-16 23:11:56.920 INFO  o.s.b.d.autoconfigure.OptionalLiveReloadServer    :59   [32m                  [0;39m LiveReload server is running on port 35729
2024-05-16 23:11:56.923 INFO  org.apache.coyote.http11.Http11NioProtocol        :173  [32m                  [0;39m Starting ProtocolHandler ["http-nio-8080"]
2024-05-16 23:11:56.924 INFO  o.s.boot.web.embedded.tomcat.TomcatWebServer      :241  [32m                  [0;39m Tomcat started on port 8080 (http) with context path ''
2024-05-16 23:11:56.925 INFO  com.javaproject.demo.config.DemoApplication       :56   [32m                  [0;39m Started DemoApplication in 0.16 seconds (process running for 2528.886)
2024-05-16 23:11:56.926 INFO  o.s.b.d.a.ConditionEvaluationDeltaLoggingListener :63   [32m                  [0;39m Condition evaluation unchanged
2024-05-16 23:11:56.926 INFO  com.javaproject.demo.config.DemoApplication       :20   [32m                  [0;39m 启动成功
2024-05-16 23:11:56.926 INFO  com.javaproject.demo.config.DemoApplication       :21   [32m                  [0;39m 地址：	http://127.0.0.1:8080
