2024-05-08 23:02:52.486 INFO  com.javaproject.demo.config.DemoApplication              :50   [32m                  [0;39m Starting DemoApplication using Java 22.0.1 with PID 23408 (D:\project\zwm\demo\target\classes started by Administrator in D:\project\zwm\demo)
2024-05-08 23:02:52.488 INFO  com.javaproject.demo.config.DemoApplication              :654  [32m                  [0;39m No active profile set, falling back to 1 default profile: "default"
2024-05-08 23:02:53.027 INFO  o.s.boot.web.embedded.tomcat.TomcatWebServer      :109  [32m                  [0;39m Tomcat initialized with port 8080 (http)
2024-05-08 23:02:53.034 INFO  org.apache.coyote.http11.Http11NioProtocol        :173  [32m                  [0;39m Initializing ProtocolHandler ["http-nio-8080"]
2024-05-08 23:02:53.036 INFO  org.apache.catalina.core.StandardService          :173  [32m                  [0;39m Starting service [Tomcat]
2024-05-08 23:02:53.036 INFO  org.apache.catalina.core.StandardEngine           :173  [32m                  [0;39m Starting Servlet engine: [Apache Tomcat/10.1.20]
2024-05-08 23:02:53.072 INFO  o.a.c.core.ContainerBase.[Tomcat].[localhost].[/] :173  [32m                  [0;39m Initializing Spring embedded WebApplicationContext
2024-05-08 23:02:53.072 INFO  o.s.b.w.s.c.ServletWebServerApplicationContext    :296  [32m                  [0;39m Root WebApplicationContext: initialization completed in 553 ms
2024-05-08 23:02:53.270 INFO  org.apache.coyote.http11.Http11NioProtocol        :173  [32m                  [0;39m Starting ProtocolHandler ["http-nio-8080"]
2024-05-08 23:02:53.281 INFO  o.s.boot.web.embedded.tomcat.TomcatWebServer      :241  [32m                  [0;39m Tomcat started on port 8080 (http) with context path ''
2024-05-08 23:02:53.285 INFO  com.javaproject.demo.config.DemoApplication              :56   [32m                  [0;39m Started DemoApplication in 1.266 seconds (process running for 1.662)
2024-05-08 23:02:53.287 INFO  com.javaproject.demo.config.DemoApplication              :15   [32m                  [0;39m 启动成功
2024-05-08 23:05:26.512 INFO  com.javaproject.demo.config.DemoApplication              :50   [32m                  [0;39m Starting DemoApplication using Java 22.0.1 with PID 8696 (D:\project\zwm\demo\target\classes started by Administrator in D:\project\zwm\demo)
2024-05-08 23:05:26.513 INFO  com.javaproject.demo.config.DemoApplication              :654  [32m                  [0;39m No active profile set, falling back to 1 default profile: "default"
2024-05-08 23:05:26.942 INFO  o.s.boot.web.embedded.tomcat.TomcatWebServer      :109  [32m                  [0;39m Tomcat initialized with port 8080 (http)
2024-05-08 23:05:26.948 INFO  org.apache.coyote.http11.Http11NioProtocol        :173  [32m                  [0;39m Initializing ProtocolHandler ["http-nio-8080"]
2024-05-08 23:05:26.949 INFO  org.apache.catalina.core.StandardService          :173  [32m                  [0;39m Starting service [Tomcat]
2024-05-08 23:05:26.949 INFO  org.apache.catalina.core.StandardEngine           :173  [32m                  [0;39m Starting Servlet engine: [Apache Tomcat/10.1.20]
2024-05-08 23:05:26.975 INFO  o.a.c.core.ContainerBase.[Tomcat].[localhost].[/] :173  [32m                  [0;39m Initializing Spring embedded WebApplicationContext
2024-05-08 23:05:26.975 INFO  o.s.b.w.s.c.ServletWebServerApplicationContext    :296  [32m                  [0;39m Root WebApplicationContext: initialization completed in 437 ms
2024-05-08 23:05:27.139 INFO  org.apache.coyote.http11.Http11NioProtocol        :173  [32m                  [0;39m Starting ProtocolHandler ["http-nio-8080"]
2024-05-08 23:05:27.148 INFO  o.s.boot.web.embedded.tomcat.TomcatWebServer      :241  [32m                  [0;39m Tomcat started on port 8080 (http) with context path ''
2024-05-08 23:05:27.152 INFO  com.javaproject.demo.config.DemoApplication              :56   [32m                  [0;39m Started DemoApplication in 0.924 seconds (process running for 1.243)
2024-05-08 23:05:27.154 INFO  com.javaproject.demo.config.DemoApplication              :17   [32m                  [0;39m 启动成功
2024-05-08 23:05:27.154 INFO  com.javaproject.demo.config.DemoApplication              :18   [32m                  [0;39m 地址：	http://127.0.0.1:8080
